2018-09-08 09:34:25,661 [main] INFO  org.springframework.boot.test.context.SpringBootTestContextBootstrapper - Neither @ContextConfiguration nor @ContextHierarchy found for test class [com.gs.qiuzhi.QiuzhiApplicationTests], using SpringBootContextLoader
2018-09-08 09:34:25,667 [main] INFO  org.springframework.test.context.support.AbstractContextLoader - Could not detect default resource locations for test class [com.gs.qiuzhi.QiuzhiApplicationTests]: no resource found for suffixes {-context.xml, Context.groovy}.
2018-09-08 09:34:25,668 [main] INFO  org.springframework.test.context.support.AnnotationConfigContextLoaderUtils - Could not detect default configuration classes for test class [com.gs.qiuzhi.QiuzhiApplicationTests]: QiuzhiApplicationTests does not declare any static, non-private, non-final, nested classes annotated with @Configuration.
2018-09-08 09:34:25,827 [main] INFO  org.springframework.boot.test.context.SpringBootTestContextBootstrapper - Found @SpringBootConfiguration com.gs.qiuzhi.QiuzhiApplication for test class com.gs.qiuzhi.QiuzhiApplicationTests
2018-09-08 09:34:26,020 [main] INFO  org.springframework.boot.test.context.SpringBootTestContextBootstrapper - Loaded default TestExecutionListener class names from location [META-INF/spring.factories]: [org.springframework.boot.test.mock.mockito.MockitoTestExecutionListener, org.springframework.boot.test.mock.mockito.ResetMocksTestExecutionListener, org.springframework.boot.test.autoconfigure.restdocs.RestDocsTestExecutionListener, org.springframework.boot.test.autoconfigure.web.client.MockRestServiceServerResetTestExecutionListener, org.springframework.boot.test.autoconfigure.web.servlet.MockMvcPrintOnlyOnFailureTestExecutionListener, org.springframework.boot.test.autoconfigure.web.servlet.WebDriverTestExecutionListener, org.springframework.test.context.web.ServletTestExecutionListener, org.springframework.test.context.support.DirtiesContextBeforeModesTestExecutionListener, org.springframework.test.context.support.DependencyInjectionTestExecutionListener, org.springframework.test.context.support.DirtiesContextTestExecutionListener, org.springframework.test.context.transaction.TransactionalTestExecutionListener, org.springframework.test.context.jdbc.SqlScriptsTestExecutionListener]
2018-09-08 09:34:26,046 [main] INFO  org.springframework.boot.test.context.SpringBootTestContextBootstrapper - Using TestExecutionListeners: [org.springframework.test.context.web.ServletTestExecutionListener@2f9f7dcf, org.springframework.test.context.support.DirtiesContextBeforeModesTestExecutionListener@747ddf94, org.springframework.boot.test.mock.mockito.MockitoTestExecutionListener@35e2d654, org.springframework.boot.test.autoconfigure.SpringBootDependencyInjectionTestExecutionListener@1bd4fdd, org.springframework.test.context.support.DirtiesContextTestExecutionListener@55183b20, org.springframework.test.context.transaction.TransactionalTestExecutionListener@4f83df68, org.springframework.test.context.jdbc.SqlScriptsTestExecutionListener@6cf0e0ba, org.springframework.boot.test.mock.mockito.ResetMocksTestExecutionListener@7d8995e, org.springframework.boot.test.autoconfigure.restdocs.RestDocsTestExecutionListener@130d63be, org.springframework.boot.test.autoconfigure.web.client.MockRestServiceServerResetTestExecutionListener@42a48628, org.springframework.boot.test.autoconfigure.web.servlet.MockMvcPrintOnlyOnFailureTestExecutionListener@293a5bf6, org.springframework.boot.test.autoconfigure.web.servlet.WebDriverTestExecutionListener@6aeb35e6]
2018-09-08 09:34:26,177 [background-preinit] INFO  org.hibernate.validator.internal.util.Version - HV000001: Hibernate Validator 6.0.10.Final
2018-09-08 09:34:26,308 [main] WARN  org.springframework.boot.test.json.DuplicateJsonObjectContextCustomizerFactory$DuplicateJsonObjectContextCustomizer - 

Found multiple occurrences of org.json.JSONObject on the class path:

	jar:file:/Users/guoshuai/.m2/repository/com/vaadin/external/google/android-json/0.0.20131108.vaadin1/android-json-0.0.20131108.vaadin1.jar!/org/json/JSONObject.class
	jar:file:/Users/guoshuai/.m2/repository/org/json/json/20170516/json-20170516.jar!/org/json/JSONObject.class

You may wish to exclude one of them to ensure predictable runtime behavior

2018-09-08 09:34:26,325 [main] INFO  com.gs.qiuzhi.QiuzhiApplicationTests - Starting QiuzhiApplicationTests on guoshuaideMacBook-Pro.local with PID 1157 (started by guoshuai in /Users/guoshuai/IdeaProjects/qiuzhi)
2018-09-08 09:34:26,325 [main] INFO  com.gs.qiuzhi.QiuzhiApplicationTests - No active profile set, falling back to default profiles: default
2018-09-08 09:34:26,364 [main] INFO  org.springframework.web.context.support.GenericWebApplicationContext - Refreshing org.springframework.web.context.support.GenericWebApplicationContext@483f6d77: startup date [Sat Sep 08 09:34:26 CST 2018]; root of context hierarchy
2018-09-08 09:34:26,858 [main] INFO  org.springframework.beans.factory.xml.XmlBeanDefinitionReader - Loading XML bean definitions from class path resource [mykaptcha.xml]
2018-09-08 09:34:28,331 [main] INFO  org.springframework.web.servlet.handler.SimpleUrlHandlerMapping - Mapped URL path [/**/favicon.ico] onto handler of type [class org.springframework.web.servlet.resource.ResourceHttpRequestHandler]
2018-09-08 09:34:28,510 [main] INFO  org.springframework.web.servlet.mvc.method.annotation.RequestMappingHandlerAdapter - Looking for @ControllerAdvice: org.springframework.web.context.support.GenericWebApplicationContext@483f6d77: startup date [Sat Sep 08 09:34:26 CST 2018]; root of context hierarchy
2018-09-08 09:34:28,593 [main] INFO  org.springframework.web.servlet.mvc.method.annotation.RequestMappingHandlerMapping - Mapped "{[/adminLoginView.do]}" onto public java.lang.String com.gs.qiuzhi.controller.AdminController.loginView()
2018-09-08 09:34:28,594 [main] INFO  org.springframework.web.servlet.mvc.method.annotation.RequestMappingHandlerMapping - Mapped "{[/adminLogon.do]}" onto public java.lang.String com.gs.qiuzhi.controller.AdminController.adminLogon(java.lang.String,java.lang.String,org.springframework.web.servlet.mvc.support.RedirectAttributes,javax.servlet.http.HttpSession)
2018-09-08 09:34:28,594 [main] INFO  org.springframework.web.servlet.mvc.method.annotation.RequestMappingHandlerMapping - Mapped "{[/adminLogout.do]}" onto public java.lang.String com.gs.qiuzhi.controller.AdminController.adminLogout(javax.servlet.http.HttpSession)
2018-09-08 09:34:28,594 [main] INFO  org.springframework.web.servlet.mvc.method.annotation.RequestMappingHandlerMapping - Mapped "{[/adminIndex.do]}" onto public java.lang.String com.gs.qiuzhi.controller.AdminController.adminIndex()
2018-09-08 09:34:28,595 [main] INFO  org.springframework.web.servlet.mvc.method.annotation.RequestMappingHandlerMapping - Mapped "{[/userManagement.do]}" onto public java.lang.String com.gs.qiuzhi.controller.AdminController.userManagement(org.springframework.ui.Model,int)
2018-09-08 09:34:28,595 [main] INFO  org.springframework.web.servlet.mvc.method.annotation.RequestMappingHandlerMapping - Mapped "{[/adManagement.do]}" onto public java.lang.String com.gs.qiuzhi.controller.AdminController.adManagement(org.springframework.ui.Model)
2018-09-08 09:34:28,595 [main] INFO  org.springframework.web.servlet.mvc.method.annotation.RequestMappingHandlerMapping - Mapped "{[/kwManagement.do]}" onto public java.lang.String com.gs.qiuzhi.controller.AdminController.kwManagement(int,org.springframework.ui.Model)
2018-09-08 09:34:28,595 [main] INFO  org.springframework.web.servlet.mvc.method.annotation.RequestMappingHandlerMapping - Mapped "{[/addKW.do]}" onto public java.lang.String com.gs.qiuzhi.controller.AdminController.addKW()
2018-09-08 09:34:28,595 [main] INFO  org.springframework.web.servlet.mvc.method.annotation.RequestMappingHandlerMapping - Mapped "{[/admin/updateUserFlag.do]}" onto public java.lang.String com.gs.qiuzhi.controller.AdminController.updateUserFlag(java.lang.String,int,org.springframework.web.servlet.mvc.support.RedirectAttributes)
2018-09-08 09:34:28,596 [main] INFO  org.springframework.web.servlet.mvc.method.annotation.RequestMappingHandlerMapping - Mapped "{[/admin/updateAd.do]}" onto public java.lang.String com.gs.qiuzhi.controller.AdminController.updateAd(org.springframework.web.multipart.MultipartFile,java.lang.String,javax.servlet.http.HttpServletRequest,org.springframework.web.servlet.mvc.support.RedirectAttributes)
2018-09-08 09:34:28,596 [main] INFO  org.springframework.web.servlet.mvc.method.annotation.RequestMappingHandlerMapping - Mapped "{[/admin/deleteKw.do]}" onto public java.lang.String com.gs.qiuzhi.controller.AdminController.deleteKw(int,org.springframework.web.servlet.mvc.support.RedirectAttributes)
2018-09-08 09:34:28,596 [main] INFO  org.springframework.web.servlet.mvc.method.annotation.RequestMappingHandlerMapping - Mapped "{[/admin/addKw.do]}" onto public java.lang.String com.gs.qiuzhi.controller.AdminController.addKw(java.lang.String,org.springframework.web.servlet.mvc.support.RedirectAttributes)
2018-09-08 09:34:28,602 [main] INFO  org.springframework.web.servlet.mvc.method.annotation.RequestMappingHandlerMapping - Mapped "{[/index.do]}" onto public java.lang.String com.gs.qiuzhi.controller.KlController.index(org.springframework.ui.Model)
2018-09-08 09:34:28,602 [main] INFO  org.springframework.web.servlet.mvc.method.annotation.RequestMappingHandlerMapping - Mapped "{[/wx/register],methods=[POST]}" onto public com.alibaba.fastjson.JSONObject com.gs.qiuzhi.controller.KlController.register(com.alibaba.fastjson.JSONObject)
2018-09-08 09:34:28,602 [main] INFO  org.springframework.web.servlet.mvc.method.annotation.RequestMappingHandlerMapping - Mapped "{[/wx/getUserInfo],methods=[GET]}" onto public com.alibaba.fastjson.JSONObject com.gs.qiuzhi.controller.KlController.getUserInfo(java.lang.String,javax.servlet.http.HttpServletRequest)
2018-09-08 09:34:28,603 [main] INFO  org.springframework.web.servlet.mvc.method.annotation.RequestMappingHandlerMapping - Mapped "{[/search.do]}" onto public java.lang.String com.gs.qiuzhi.controller.KlController.search(java.lang.String,org.springframework.ui.Model,int)
2018-09-08 09:34:28,603 [main] INFO  org.springframework.web.servlet.mvc.method.annotation.RequestMappingHandlerMapping - Mapped "{[/wx/login],methods=[POST]}" onto public com.alibaba.fastjson.JSONObject com.gs.qiuzhi.controller.KlController.login(com.alibaba.fastjson.JSONObject,javax.servlet.http.HttpServletRequest)
2018-09-08 09:34:28,603 [main] INFO  org.springframework.web.servlet.mvc.method.annotation.RequestMappingHandlerMapping - Mapped "{[/klSort.do]}" onto public java.lang.String com.gs.qiuzhi.controller.KlController.getPage(java.lang.String,org.springframework.ui.Model,int,int)
2018-09-08 09:34:28,603 [main] INFO  org.springframework.web.servlet.mvc.method.annotation.RequestMappingHandlerMapping - Mapped "{[/kl.do]}" onto public java.lang.String com.gs.qiuzhi.controller.KlController.kl(org.springframework.ui.Model,int)
2018-09-08 09:34:28,604 [main] INFO  org.springframework.web.servlet.mvc.method.annotation.RequestMappingHandlerMapping - Mapped "{[/addCollect.do]}" onto public boolean com.gs.qiuzhi.controller.KlController.addCollect(com.alibaba.fastjson.JSONObject,javax.servlet.http.HttpSession)
2018-09-08 09:34:28,604 [main] INFO  org.springframework.web.servlet.mvc.method.annotation.RequestMappingHandlerMapping - Mapped "{[/myCollections.do]}" onto public java.lang.String com.gs.qiuzhi.controller.KlController.myCollections(int,javax.servlet.http.HttpSession,org.springframework.ui.Model)
2018-09-08 09:34:28,604 [main] INFO  org.springframework.web.servlet.mvc.method.annotation.RequestMappingHandlerMapping - Mapped "{[/deleteCollection.do]}" onto public java.lang.String com.gs.qiuzhi.controller.KlController.deleteCollection(int,javax.servlet.http.HttpSession)
2018-09-08 09:34:28,607 [main] INFO  org.springframework.web.servlet.mvc.method.annotation.RequestMappingHandlerMapping - Mapped "{[/klManagement.do]}" onto public java.lang.String com.gs.qiuzhi.controller.KlController.klManagement(int,javax.servlet.http.HttpSession,org.springframework.ui.Model)
2018-09-08 09:34:28,607 [main] INFO  org.springframework.web.servlet.mvc.method.annotation.RequestMappingHandlerMapping - Mapped "{[/deleteKl.do]}" onto public java.lang.String com.gs.qiuzhi.controller.KlController.deleteKl(int)
2018-09-08 09:34:28,608 [main] INFO  org.springframework.web.servlet.mvc.method.annotation.RequestMappingHandlerMapping - Mapped "{[/shareKl.do]}" onto public java.lang.String com.gs.qiuzhi.controller.KlController.shareKl(int,org.springframework.web.servlet.mvc.support.RedirectAttributes)
2018-09-08 09:34:28,608 [main] INFO  org.springframework.web.servlet.mvc.method.annotation.RequestMappingHandlerMapping - Mapped "{[/addKL.do]}" onto public java.lang.String com.gs.qiuzhi.controller.KlController.addKL(org.springframework.ui.Model)
2018-09-08 09:34:28,608 [main] INFO  org.springframework.web.servlet.mvc.method.annotation.RequestMappingHandlerMapping - Mapped "{[/addKnowledge.do]}" onto public java.lang.String com.gs.qiuzhi.controller.KlController.addKnowledge(java.lang.String,java.lang.String,int,javax.servlet.http.HttpSession,org.springframework.web.servlet.mvc.support.RedirectAttributes)
2018-09-08 09:34:28,608 [main] INFO  org.springframework.web.servlet.mvc.method.annotation.RequestMappingHandlerMapping - Mapped "{[/wx/updateKl],methods=[GET]}" onto public com.alibaba.fastjson.JSONObject com.gs.qiuzhi.controller.KlController.updateKl(java.lang.String,java.lang.String,int,int)
2018-09-08 09:34:28,609 [main] INFO  org.springframework.web.servlet.mvc.method.annotation.RequestMappingHandlerMapping - Mapped "{[/updateKl.do]}" onto public java.lang.String com.gs.qiuzhi.controller.KlController.updateKl(int,org.springframework.ui.Model)
2018-09-08 09:34:28,609 [main] INFO  org.springframework.web.servlet.mvc.method.annotation.RequestMappingHandlerMapping - Mapped "{[/updateKnowledge.do]}" onto public java.lang.String com.gs.qiuzhi.controller.KlController.updateKnowledge(java.lang.String,int,int,java.lang.String,org.springframework.web.servlet.mvc.support.RedirectAttributes)
2018-09-08 09:34:28,609 [main] INFO  org.springframework.web.servlet.mvc.method.annotation.RequestMappingHandlerMapping - Mapped "{[/wx/getHotKl.do]}" onto public com.alibaba.fastjson.JSONObject com.gs.qiuzhi.controller.KlController.getHotKl()
2018-09-08 09:34:28,609 [main] INFO  org.springframework.web.servlet.mvc.method.annotation.RequestMappingHandlerMapping - Mapped "{[/wx/kl/{kl_id}],methods=[GET]}" onto public com.alibaba.fastjson.JSONObject com.gs.qiuzhi.controller.KlController.getKL(int)
2018-09-08 09:34:28,610 [main] INFO  org.springframework.web.servlet.mvc.method.annotation.RequestMappingHandlerMapping - Mapped "{[/wx/getAllType]}" onto public com.alibaba.fastjson.JSONObject com.gs.qiuzhi.controller.KlController.getAllType()
2018-09-08 09:34:28,610 [main] INFO  org.springframework.web.servlet.mvc.method.annotation.RequestMappingHandlerMapping - Mapped "{[/wx/getKlListByType],methods=[GET]}" onto public com.alibaba.fastjson.JSONObject com.gs.qiuzhi.controller.KlController.getKlListByType(int)
2018-09-08 09:34:28,610 [main] INFO  org.springframework.web.servlet.mvc.method.annotation.RequestMappingHandlerMapping - Mapped "{[/wx/getKlListByKw],methods=[GET]}" onto public com.alibaba.fastjson.JSONObject com.gs.qiuzhi.controller.KlController.getKlListByKw(java.lang.String)
2018-09-08 09:34:28,610 [main] INFO  org.springframework.web.servlet.mvc.method.annotation.RequestMappingHandlerMapping - Mapped "{[/wx/sendSMS],methods=[POST]}" onto public com.alibaba.fastjson.JSONObject com.gs.qiuzhi.controller.KlController.sendSMS(com.alibaba.fastjson.JSONObject) throws com.aliyuncs.exceptions.ClientException
2018-09-08 09:34:28,610 [main] INFO  org.springframework.web.servlet.mvc.method.annotation.RequestMappingHandlerMapping - Mapped "{[/wx/getCollection/{user_only_id}],methods=[GET]}" onto public com.alibaba.fastjson.JSONObject com.gs.qiuzhi.controller.KlController.getCollection(java.lang.String) throws java.text.ParseException
2018-09-08 09:34:28,611 [main] INFO  org.springframework.web.servlet.mvc.method.annotation.RequestMappingHandlerMapping - Mapped "{[/wx/deleteCollections],methods=[POST]}" onto public com.alibaba.fastjson.JSONObject com.gs.qiuzhi.controller.KlController.deleteCollections(com.alibaba.fastjson.JSONObject)
2018-09-08 09:34:28,611 [main] INFO  org.springframework.web.servlet.mvc.method.annotation.RequestMappingHandlerMapping - Mapped "{[/wx/getMyKl/{user_only_id}],methods=[GET]}" onto public com.alibaba.fastjson.JSONObject com.gs.qiuzhi.controller.KlController.getMyKl(java.lang.String)
2018-09-08 09:34:28,611 [main] INFO  org.springframework.web.servlet.mvc.method.annotation.RequestMappingHandlerMapping - Mapped "{[/wx/updateIsShare],methods=[GET]}" onto public com.alibaba.fastjson.JSONObject com.gs.qiuzhi.controller.KlController.updateIsShare(int)
2018-09-08 09:34:28,611 [main] INFO  org.springframework.web.servlet.mvc.method.annotation.RequestMappingHandlerMapping - Mapped "{[/wx/deleteKl],methods=[GET]}" onto public com.alibaba.fastjson.JSONObject com.gs.qiuzhi.controller.KlController.wxDeleteKl(int)
2018-09-08 09:34:28,612 [main] INFO  org.springframework.web.servlet.mvc.method.annotation.RequestMappingHandlerMapping - Mapped "{[/wx/addKl],methods=[GET]}" onto public com.alibaba.fastjson.JSONObject com.gs.qiuzhi.controller.KlController.addKl(java.lang.String,java.lang.String,int,java.lang.String,java.lang.String,java.lang.String)
2018-09-08 09:34:28,612 [main] INFO  org.springframework.web.servlet.mvc.method.annotation.RequestMappingHandlerMapping - Mapped "{[/wx/addCollection],methods=[GET]}" onto public com.alibaba.fastjson.JSONObject com.gs.qiuzhi.controller.KlController.addCollection(java.lang.String,int)
2018-09-08 09:34:28,612 [main] INFO  org.springframework.web.servlet.mvc.method.annotation.RequestMappingHandlerMapping - Mapped "{[/wx/checkOriginalPass],methods=[GET]}" onto public com.alibaba.fastjson.JSONObject com.gs.qiuzhi.controller.KlController.checkOriginalPass(java.lang.String,java.lang.String)
2018-09-08 09:34:28,613 [main] INFO  org.springframework.web.servlet.mvc.method.annotation.RequestMappingHandlerMapping - Mapped "{[/wx/updatePass],methods=[GET]}" onto public com.alibaba.fastjson.JSONObject com.gs.qiuzhi.controller.KlController.updatePass(java.lang.String,java.lang.String)
2018-09-08 09:34:28,613 [main] INFO  org.springframework.web.servlet.mvc.method.annotation.RequestMappingHandlerMapping - Mapped "{[/wx/updateUserInfo],methods=[POST]}" onto public com.alibaba.fastjson.JSONObject com.gs.qiuzhi.controller.KlController.updateUserInfo(org.springframework.web.multipart.MultipartFile,javax.servlet.http.HttpSession,javax.servlet.http.HttpServletRequest,java.lang.String)
2018-09-08 09:34:28,613 [main] INFO  org.springframework.web.servlet.mvc.method.annotation.RequestMappingHandlerMapping - Mapped "{[/wx/updateNickName],methods=[GET]}" onto public com.alibaba.fastjson.JSONObject com.gs.qiuzhi.controller.KlController.updateNickName(java.lang.String,java.lang.String)
2018-09-08 09:34:28,613 [main] INFO  org.springframework.web.servlet.mvc.method.annotation.RequestMappingHandlerMapping - Mapped "{[/wx/getHomeAd],methods=[GET]}" onto public com.alibaba.fastjson.JSONObject com.gs.qiuzhi.controller.KlController.getHomeAd(javax.servlet.http.HttpServletRequest)
2018-09-08 09:34:28,615 [main] INFO  org.springframework.web.servlet.mvc.method.annotation.RequestMappingHandlerMapping - Mapped "{[/loginView.do]}" onto public java.lang.String com.gs.qiuzhi.controller.UserController.loginView()
2018-09-08 09:34:28,616 [main] INFO  org.springframework.web.servlet.mvc.method.annotation.RequestMappingHandlerMapping - Mapped "{[/checkOriginalPass.do]}" onto public java.lang.String com.gs.qiuzhi.controller.UserController.checkOriginalPass(java.lang.String,javax.servlet.http.HttpSession)
2018-09-08 09:34:28,616 [main] INFO  org.springframework.web.servlet.mvc.method.annotation.RequestMappingHandlerMapping - Mapped "{[/updatePass.do]}" onto public java.lang.String com.gs.qiuzhi.controller.UserController.updatePass()
2018-09-08 09:34:28,616 [main] INFO  org.springframework.web.servlet.mvc.method.annotation.RequestMappingHandlerMapping - Mapped "{[/userRegister.do]}" onto public java.lang.String com.gs.qiuzhi.controller.UserController.userRegister(java.lang.String,java.lang.String,java.lang.String,java.lang.String,javax.servlet.http.HttpSession,org.springframework.web.servlet.mvc.support.RedirectAttributes)
2018-09-08 09:34:28,616 [main] INFO  org.springframework.web.servlet.mvc.method.annotation.RequestMappingHandlerMapping - Mapped "{[/updateUserNickName.do]}" onto public java.lang.String com.gs.qiuzhi.controller.UserController.updateUserNickName(java.lang.String,javax.servlet.http.HttpSession)
2018-09-08 09:34:28,617 [main] INFO  org.springframework.web.servlet.mvc.method.annotation.RequestMappingHandlerMapping - Mapped "{[/defaultKaptcha]}" onto public void com.gs.qiuzhi.controller.UserController.defaultKaptcha(javax.servlet.http.HttpServletRequest,javax.servlet.http.HttpServletResponse) throws java.lang.Exception
2018-09-08 09:34:28,617 [main] INFO  org.springframework.web.servlet.mvc.method.annotation.RequestMappingHandlerMapping - Mapped "{[/testMybatis]}" onto public java.lang.String com.gs.qiuzhi.controller.UserController.listUser(org.springframework.ui.Model)
2018-09-08 09:34:28,617 [main] INFO  org.springframework.web.servlet.mvc.method.annotation.RequestMappingHandlerMapping - Mapped "{[/hello]}" onto public java.lang.String com.gs.qiuzhi.controller.UserController.hello()
2018-09-08 09:34:28,617 [main] INFO  org.springframework.web.servlet.mvc.method.annotation.RequestMappingHandlerMapping - Mapped "{[/testGit]}" onto public java.lang.String com.gs.qiuzhi.controller.UserController.git()
2018-09-08 09:34:28,618 [main] INFO  org.springframework.web.servlet.mvc.method.annotation.RequestMappingHandlerMapping - Mapped "{[/registerView.do]}" onto public java.lang.String com.gs.qiuzhi.controller.UserController.registerView()
2018-09-08 09:34:28,618 [main] INFO  org.springframework.web.servlet.mvc.method.annotation.RequestMappingHandlerMapping - Mapped "{[/personView.do]}" onto public java.lang.String com.gs.qiuzhi.controller.UserController.personView()
2018-09-08 09:34:28,618 [main] INFO  org.springframework.web.servlet.mvc.method.annotation.RequestMappingHandlerMapping - Mapped "{[/checkPass.do]}" onto public java.lang.String com.gs.qiuzhi.controller.UserController.checkPass()
2018-09-08 09:34:28,618 [main] INFO  org.springframework.web.servlet.mvc.method.annotation.RequestMappingHandlerMapping - Mapped "{[/plaseLogin.do]}" onto public java.lang.String com.gs.qiuzhi.controller.UserController.plaseLogin()
2018-09-08 09:34:28,618 [main] INFO  org.springframework.web.servlet.mvc.method.annotation.RequestMappingHandlerMapping - Mapped "{[/checkVerificationCode]}" onto public boolean com.gs.qiuzhi.controller.UserController.checkVerificationCode(java.lang.String,javax.servlet.http.HttpServletRequest)
2018-09-08 09:34:28,618 [main] INFO  org.springframework.web.servlet.mvc.method.annotation.RequestMappingHandlerMapping - Mapped "{[/userLogin.do]}" onto public java.lang.String com.gs.qiuzhi.controller.UserController.userLogin(java.lang.String,java.lang.String,javax.servlet.http.HttpSession,org.springframework.web.servlet.mvc.support.RedirectAttributes)
2018-09-08 09:34:28,619 [main] INFO  org.springframework.web.servlet.mvc.method.annotation.RequestMappingHandlerMapping - Mapped "{[/outUserLogin.do]}" onto public java.lang.String com.gs.qiuzhi.controller.UserController.outUserLogin(javax.servlet.http.HttpSession)
2018-09-08 09:34:28,619 [main] INFO  org.springframework.web.servlet.mvc.method.annotation.RequestMappingHandlerMapping - Mapped "{[/sendMsg.do]}" onto public com.alibaba.fastjson.JSONObject com.gs.qiuzhi.controller.UserController.sendMsg(com.alibaba.fastjson.JSONObject,javax.servlet.http.HttpSession) throws com.aliyuncs.exceptions.ClientException
2018-09-08 09:34:28,619 [main] INFO  org.springframework.web.servlet.mvc.method.annotation.RequestMappingHandlerMapping - Mapped "{[/userUploadedFace.do]}" onto public java.lang.String com.gs.qiuzhi.controller.UserController.userUploadedFace(org.springframework.web.multipart.MultipartFile,org.springframework.web.servlet.mvc.support.RedirectAttributes,javax.servlet.http.HttpSession,javax.servlet.http.HttpServletRequest)
2018-09-08 09:34:28,619 [main] INFO  org.springframework.web.servlet.mvc.method.annotation.RequestMappingHandlerMapping - Mapped "{[/updateNewPass.do]}" onto public java.lang.String com.gs.qiuzhi.controller.UserController.updatePassRequest(java.lang.String,javax.servlet.http.HttpSession)
2018-09-08 09:34:28,622 [main] INFO  org.springframework.web.servlet.mvc.method.annotation.RequestMappingHandlerMapping - Mapped "{[/error]}" onto public org.springframework.http.ResponseEntity<java.util.Map<java.lang.String, java.lang.Object>> org.springframework.boot.autoconfigure.web.servlet.error.BasicErrorController.error(javax.servlet.http.HttpServletRequest)
2018-09-08 09:34:28,623 [main] INFO  org.springframework.web.servlet.mvc.method.annotation.RequestMappingHandlerMapping - Mapped "{[/error],produces=[text/html]}" onto public org.springframework.web.servlet.ModelAndView org.springframework.boot.autoconfigure.web.servlet.error.BasicErrorController.errorHtml(javax.servlet.http.HttpServletRequest,javax.servlet.http.HttpServletResponse)
2018-09-08 09:34:28,657 [main] INFO  org.springframework.web.servlet.handler.SimpleUrlHandlerMapping - Mapped URL path [/webjars/**] onto handler of type [class org.springframework.web.servlet.resource.ResourceHttpRequestHandler]
2018-09-08 09:34:28,657 [main] INFO  org.springframework.web.servlet.handler.SimpleUrlHandlerMapping - Mapped URL path [/**] onto handler of type [class org.springframework.web.servlet.resource.ResourceHttpRequestHandler]
2018-09-08 09:34:29,024 [main] INFO  com.gs.qiuzhi.QiuzhiApplicationTests - Started QiuzhiApplicationTests in 2.923 seconds (JVM running for 3.798)
2018-09-08 09:34:29,172 [Thread-3] INFO  org.springframework.web.context.support.GenericWebApplicationContext - Closing org.springframework.web.context.support.GenericWebApplicationContext@483f6d77: startup date [Sat Sep 08 09:34:26 CST 2018]; root of context hierarchy
2018-09-08 09:38:34,279 [main] INFO  org.springframework.boot.test.context.SpringBootTestContextBootstrapper - Neither @ContextConfiguration nor @ContextHierarchy found for test class [com.gs.qiuzhi.QiuzhiApplicationTests], using SpringBootContextLoader
2018-09-08 09:38:34,283 [main] INFO  org.springframework.test.context.support.AbstractContextLoader - Could not detect default resource locations for test class [com.gs.qiuzhi.QiuzhiApplicationTests]: no resource found for suffixes {-context.xml, Context.groovy}.
2018-09-08 09:38:34,283 [main] INFO  org.springframework.test.context.support.AnnotationConfigContextLoaderUtils - Could not detect default configuration classes for test class [com.gs.qiuzhi.QiuzhiApplicationTests]: QiuzhiApplicationTests does not declare any static, non-private, non-final, nested classes annotated with @Configuration.
2018-09-08 09:38:34,408 [main] INFO  org.springframework.boot.test.context.SpringBootTestContextBootstrapper - Found @SpringBootConfiguration com.gs.qiuzhi.QiuzhiApplication for test class com.gs.qiuzhi.QiuzhiApplicationTests
2018-09-08 09:38:34,516 [main] INFO  org.springframework.boot.test.context.SpringBootTestContextBootstrapper - Loaded default TestExecutionListener class names from location [META-INF/spring.factories]: [org.springframework.boot.test.mock.mockito.MockitoTestExecutionListener, org.springframework.boot.test.mock.mockito.ResetMocksTestExecutionListener, org.springframework.boot.test.autoconfigure.restdocs.RestDocsTestExecutionListener, org.springframework.boot.test.autoconfigure.web.client.MockRestServiceServerResetTestExecutionListener, org.springframework.boot.test.autoconfigure.web.servlet.MockMvcPrintOnlyOnFailureTestExecutionListener, org.springframework.boot.test.autoconfigure.web.servlet.WebDriverTestExecutionListener, org.springframework.test.context.web.ServletTestExecutionListener, org.springframework.test.context.support.DirtiesContextBeforeModesTestExecutionListener, org.springframework.test.context.support.DependencyInjectionTestExecutionListener, org.springframework.test.context.support.DirtiesContextTestExecutionListener, org.springframework.test.context.transaction.TransactionalTestExecutionListener, org.springframework.test.context.jdbc.SqlScriptsTestExecutionListener]
2018-09-08 09:38:34,529 [main] INFO  org.springframework.boot.test.context.SpringBootTestContextBootstrapper - Using TestExecutionListeners: [org.springframework.test.context.web.ServletTestExecutionListener@2f9f7dcf, org.springframework.test.context.support.DirtiesContextBeforeModesTestExecutionListener@747ddf94, org.springframework.boot.test.mock.mockito.MockitoTestExecutionListener@35e2d654, org.springframework.boot.test.autoconfigure.SpringBootDependencyInjectionTestExecutionListener@1bd4fdd, org.springframework.test.context.support.DirtiesContextTestExecutionListener@55183b20, org.springframework.test.context.transaction.TransactionalTestExecutionListener@4f83df68, org.springframework.test.context.jdbc.SqlScriptsTestExecutionListener@6cf0e0ba, org.springframework.boot.test.mock.mockito.ResetMocksTestExecutionListener@7d8995e, org.springframework.boot.test.autoconfigure.restdocs.RestDocsTestExecutionListener@130d63be, org.springframework.boot.test.autoconfigure.web.client.MockRestServiceServerResetTestExecutionListener@42a48628, org.springframework.boot.test.autoconfigure.web.servlet.MockMvcPrintOnlyOnFailureTestExecutionListener@293a5bf6, org.springframework.boot.test.autoconfigure.web.servlet.WebDriverTestExecutionListener@6aeb35e6]
2018-09-08 09:38:34,615 [background-preinit] INFO  org.hibernate.validator.internal.util.Version - HV000001: Hibernate Validator 6.0.10.Final
2018-09-08 09:38:34,717 [main] WARN  org.springframework.boot.test.json.DuplicateJsonObjectContextCustomizerFactory$DuplicateJsonObjectContextCustomizer - 

Found multiple occurrences of org.json.JSONObject on the class path:

	jar:file:/Users/guoshuai/.m2/repository/com/vaadin/external/google/android-json/0.0.20131108.vaadin1/android-json-0.0.20131108.vaadin1.jar!/org/json/JSONObject.class
	jar:file:/Users/guoshuai/.m2/repository/org/json/json/20170516/json-20170516.jar!/org/json/JSONObject.class

You may wish to exclude one of them to ensure predictable runtime behavior

2018-09-08 09:38:34,728 [main] INFO  com.gs.qiuzhi.QiuzhiApplicationTests - Starting QiuzhiApplicationTests on guoshuaideMacBook-Pro.local with PID 1189 (started by guoshuai in /Users/guoshuai/IdeaProjects/qiuzhi)
2018-09-08 09:38:34,729 [main] INFO  com.gs.qiuzhi.QiuzhiApplicationTests - No active profile set, falling back to default profiles: default
2018-09-08 09:38:34,759 [main] INFO  org.springframework.web.context.support.GenericWebApplicationContext - Refreshing org.springframework.web.context.support.GenericWebApplicationContext@483f6d77: startup date [Sat Sep 08 09:38:34 CST 2018]; root of context hierarchy
2018-09-08 09:38:35,207 [main] INFO  org.springframework.beans.factory.xml.XmlBeanDefinitionReader - Loading XML bean definitions from class path resource [mykaptcha.xml]
2018-09-08 09:38:36,594 [main] INFO  org.springframework.web.servlet.handler.SimpleUrlHandlerMapping - Mapped URL path [/**/favicon.ico] onto handler of type [class org.springframework.web.servlet.resource.ResourceHttpRequestHandler]
2018-09-08 09:38:36,780 [main] INFO  org.springframework.web.servlet.mvc.method.annotation.RequestMappingHandlerAdapter - Looking for @ControllerAdvice: org.springframework.web.context.support.GenericWebApplicationContext@483f6d77: startup date [Sat Sep 08 09:38:34 CST 2018]; root of context hierarchy
2018-09-08 09:38:36,855 [main] INFO  org.springframework.web.servlet.mvc.method.annotation.RequestMappingHandlerMapping - Mapped "{[/adminLoginView.do]}" onto public java.lang.String com.gs.qiuzhi.controller.AdminController.loginView()
2018-09-08 09:38:36,856 [main] INFO  org.springframework.web.servlet.mvc.method.annotation.RequestMappingHandlerMapping - Mapped "{[/adminLogon.do]}" onto public java.lang.String com.gs.qiuzhi.controller.AdminController.adminLogon(java.lang.String,java.lang.String,org.springframework.web.servlet.mvc.support.RedirectAttributes,javax.servlet.http.HttpSession)
2018-09-08 09:38:36,857 [main] INFO  org.springframework.web.servlet.mvc.method.annotation.RequestMappingHandlerMapping - Mapped "{[/adminLogout.do]}" onto public java.lang.String com.gs.qiuzhi.controller.AdminController.adminLogout(javax.servlet.http.HttpSession)
2018-09-08 09:38:36,857 [main] INFO  org.springframework.web.servlet.mvc.method.annotation.RequestMappingHandlerMapping - Mapped "{[/adminIndex.do]}" onto public java.lang.String com.gs.qiuzhi.controller.AdminController.adminIndex()
2018-09-08 09:38:36,857 [main] INFO  org.springframework.web.servlet.mvc.method.annotation.RequestMappingHandlerMapping - Mapped "{[/userManagement.do]}" onto public java.lang.String com.gs.qiuzhi.controller.AdminController.userManagement(org.springframework.ui.Model,int)
2018-09-08 09:38:36,858 [main] INFO  org.springframework.web.servlet.mvc.method.annotation.RequestMappingHandlerMapping - Mapped "{[/adManagement.do]}" onto public java.lang.String com.gs.qiuzhi.controller.AdminController.adManagement(org.springframework.ui.Model)
2018-09-08 09:38:36,858 [main] INFO  org.springframework.web.servlet.mvc.method.annotation.RequestMappingHandlerMapping - Mapped "{[/kwManagement.do]}" onto public java.lang.String com.gs.qiuzhi.controller.AdminController.kwManagement(int,org.springframework.ui.Model)
2018-09-08 09:38:36,858 [main] INFO  org.springframework.web.servlet.mvc.method.annotation.RequestMappingHandlerMapping - Mapped "{[/addKW.do]}" onto public java.lang.String com.gs.qiuzhi.controller.AdminController.addKW()
2018-09-08 09:38:36,858 [main] INFO  org.springframework.web.servlet.mvc.method.annotation.RequestMappingHandlerMapping - Mapped "{[/admin/updateUserFlag.do]}" onto public java.lang.String com.gs.qiuzhi.controller.AdminController.updateUserFlag(java.lang.String,int,org.springframework.web.servlet.mvc.support.RedirectAttributes)
2018-09-08 09:38:36,859 [main] INFO  org.springframework.web.servlet.mvc.method.annotation.RequestMappingHandlerMapping - Mapped "{[/admin/updateAd.do]}" onto public java.lang.String com.gs.qiuzhi.controller.AdminController.updateAd(org.springframework.web.multipart.MultipartFile,java.lang.String,javax.servlet.http.HttpServletRequest,org.springframework.web.servlet.mvc.support.RedirectAttributes)
2018-09-08 09:38:36,859 [main] INFO  org.springframework.web.servlet.mvc.method.annotation.RequestMappingHandlerMapping - Mapped "{[/admin/deleteKw.do]}" onto public java.lang.String com.gs.qiuzhi.controller.AdminController.deleteKw(int,org.springframework.web.servlet.mvc.support.RedirectAttributes)
2018-09-08 09:38:36,859 [main] INFO  org.springframework.web.servlet.mvc.method.annotation.RequestMappingHandlerMapping - Mapped "{[/admin/addKw.do]}" onto public java.lang.String com.gs.qiuzhi.controller.AdminController.addKw(java.lang.String,org.springframework.web.servlet.mvc.support.RedirectAttributes)
2018-09-08 09:38:36,864 [main] INFO  org.springframework.web.servlet.mvc.method.annotation.RequestMappingHandlerMapping - Mapped "{[/index.do]}" onto public java.lang.String com.gs.qiuzhi.controller.KlController.index(org.springframework.ui.Model)
2018-09-08 09:38:36,864 [main] INFO  org.springframework.web.servlet.mvc.method.annotation.RequestMappingHandlerMapping - Mapped "{[/wx/register],methods=[POST]}" onto public com.alibaba.fastjson.JSONObject com.gs.qiuzhi.controller.KlController.register(com.alibaba.fastjson.JSONObject)
2018-09-08 09:38:36,865 [main] INFO  org.springframework.web.servlet.mvc.method.annotation.RequestMappingHandlerMapping - Mapped "{[/wx/getUserInfo],methods=[GET]}" onto public com.alibaba.fastjson.JSONObject com.gs.qiuzhi.controller.KlController.getUserInfo(java.lang.String,javax.servlet.http.HttpServletRequest)
2018-09-08 09:38:36,865 [main] INFO  org.springframework.web.servlet.mvc.method.annotation.RequestMappingHandlerMapping - Mapped "{[/search.do]}" onto public java.lang.String com.gs.qiuzhi.controller.KlController.search(java.lang.String,org.springframework.ui.Model,int)
2018-09-08 09:38:36,865 [main] INFO  org.springframework.web.servlet.mvc.method.annotation.RequestMappingHandlerMapping - Mapped "{[/wx/login],methods=[POST]}" onto public com.alibaba.fastjson.JSONObject com.gs.qiuzhi.controller.KlController.login(com.alibaba.fastjson.JSONObject,javax.servlet.http.HttpServletRequest)
2018-09-08 09:38:36,866 [main] INFO  org.springframework.web.servlet.mvc.method.annotation.RequestMappingHandlerMapping - Mapped "{[/klSort.do]}" onto public java.lang.String com.gs.qiuzhi.controller.KlController.getPage(java.lang.String,org.springframework.ui.Model,int,int)
2018-09-08 09:38:36,866 [main] INFO  org.springframework.web.servlet.mvc.method.annotation.RequestMappingHandlerMapping - Mapped "{[/kl.do]}" onto public java.lang.String com.gs.qiuzhi.controller.KlController.kl(org.springframework.ui.Model,int)
2018-09-08 09:38:36,866 [main] INFO  org.springframework.web.servlet.mvc.method.annotation.RequestMappingHandlerMapping - Mapped "{[/addCollect.do]}" onto public boolean com.gs.qiuzhi.controller.KlController.addCollect(com.alibaba.fastjson.JSONObject,javax.servlet.http.HttpSession)
2018-09-08 09:38:36,866 [main] INFO  org.springframework.web.servlet.mvc.method.annotation.RequestMappingHandlerMapping - Mapped "{[/myCollections.do]}" onto public java.lang.String com.gs.qiuzhi.controller.KlController.myCollections(int,javax.servlet.http.HttpSession,org.springframework.ui.Model)
2018-09-08 09:38:36,867 [main] INFO  org.springframework.web.servlet.mvc.method.annotation.RequestMappingHandlerMapping - Mapped "{[/deleteCollection.do]}" onto public java.lang.String com.gs.qiuzhi.controller.KlController.deleteCollection(int,javax.servlet.http.HttpSession)
2018-09-08 09:38:36,867 [main] INFO  org.springframework.web.servlet.mvc.method.annotation.RequestMappingHandlerMapping - Mapped "{[/klManagement.do]}" onto public java.lang.String com.gs.qiuzhi.controller.KlController.klManagement(int,javax.servlet.http.HttpSession,org.springframework.ui.Model)
2018-09-08 09:38:36,867 [main] INFO  org.springframework.web.servlet.mvc.method.annotation.RequestMappingHandlerMapping - Mapped "{[/deleteKl.do]}" onto public java.lang.String com.gs.qiuzhi.controller.KlController.deleteKl(int)
2018-09-08 09:38:36,868 [main] INFO  org.springframework.web.servlet.mvc.method.annotation.RequestMappingHandlerMapping - Mapped "{[/shareKl.do]}" onto public java.lang.String com.gs.qiuzhi.controller.KlController.shareKl(int,org.springframework.web.servlet.mvc.support.RedirectAttributes)
2018-09-08 09:38:36,868 [main] INFO  org.springframework.web.servlet.mvc.method.annotation.RequestMappingHandlerMapping - Mapped "{[/addKL.do]}" onto public java.lang.String com.gs.qiuzhi.controller.KlController.addKL(org.springframework.ui.Model)
2018-09-08 09:38:36,868 [main] INFO  org.springframework.web.servlet.mvc.method.annotation.RequestMappingHandlerMapping - Mapped "{[/addKnowledge.do]}" onto public java.lang.String com.gs.qiuzhi.controller.KlController.addKnowledge(java.lang.String,java.lang.String,int,javax.servlet.http.HttpSession,org.springframework.web.servlet.mvc.support.RedirectAttributes)
2018-09-08 09:38:36,869 [main] INFO  org.springframework.web.servlet.mvc.method.annotation.RequestMappingHandlerMapping - Mapped "{[/wx/updateKl],methods=[GET]}" onto public com.alibaba.fastjson.JSONObject com.gs.qiuzhi.controller.KlController.updateKl(java.lang.String,java.lang.String,int,int)
2018-09-08 09:38:36,869 [main] INFO  org.springframework.web.servlet.mvc.method.annotation.RequestMappingHandlerMapping - Mapped "{[/updateKl.do]}" onto public java.lang.String com.gs.qiuzhi.controller.KlController.updateKl(int,org.springframework.ui.Model)
2018-09-08 09:38:36,869 [main] INFO  org.springframework.web.servlet.mvc.method.annotation.RequestMappingHandlerMapping - Mapped "{[/updateKnowledge.do]}" onto public java.lang.String com.gs.qiuzhi.controller.KlController.updateKnowledge(java.lang.String,int,int,java.lang.String,org.springframework.web.servlet.mvc.support.RedirectAttributes)
2018-09-08 09:38:36,869 [main] INFO  org.springframework.web.servlet.mvc.method.annotation.RequestMappingHandlerMapping - Mapped "{[/wx/getHotKl.do]}" onto public com.alibaba.fastjson.JSONObject com.gs.qiuzhi.controller.KlController.getHotKl()
2018-09-08 09:38:36,870 [main] INFO  org.springframework.web.servlet.mvc.method.annotation.RequestMappingHandlerMapping - Mapped "{[/wx/kl/{kl_id}],methods=[GET]}" onto public com.alibaba.fastjson.JSONObject com.gs.qiuzhi.controller.KlController.getKL(int)
2018-09-08 09:38:36,870 [main] INFO  org.springframework.web.servlet.mvc.method.annotation.RequestMappingHandlerMapping - Mapped "{[/wx/getAllType]}" onto public com.alibaba.fastjson.JSONObject com.gs.qiuzhi.controller.KlController.getAllType()
2018-09-08 09:38:36,870 [main] INFO  org.springframework.web.servlet.mvc.method.annotation.RequestMappingHandlerMapping - Mapped "{[/wx/getKlListByType],methods=[GET]}" onto public com.alibaba.fastjson.JSONObject com.gs.qiuzhi.controller.KlController.getKlListByType(int)
2018-09-08 09:38:36,870 [main] INFO  org.springframework.web.servlet.mvc.method.annotation.RequestMappingHandlerMapping - Mapped "{[/wx/getKlListByKw],methods=[GET]}" onto public com.alibaba.fastjson.JSONObject com.gs.qiuzhi.controller.KlController.getKlListByKw(java.lang.String)
2018-09-08 09:38:36,871 [main] INFO  org.springframework.web.servlet.mvc.method.annotation.RequestMappingHandlerMapping - Mapped "{[/wx/sendSMS],methods=[POST]}" onto public com.alibaba.fastjson.JSONObject com.gs.qiuzhi.controller.KlController.sendSMS(com.alibaba.fastjson.JSONObject) throws com.aliyuncs.exceptions.ClientException
2018-09-08 09:38:36,871 [main] INFO  org.springframework.web.servlet.mvc.method.annotation.RequestMappingHandlerMapping - Mapped "{[/wx/getCollection/{user_only_id}],methods=[GET]}" onto public com.alibaba.fastjson.JSONObject com.gs.qiuzhi.controller.KlController.getCollection(java.lang.String) throws java.text.ParseException
2018-09-08 09:38:36,871 [main] INFO  org.springframework.web.servlet.mvc.method.annotation.RequestMappingHandlerMapping - Mapped "{[/wx/deleteCollections],methods=[POST]}" onto public com.alibaba.fastjson.JSONObject com.gs.qiuzhi.controller.KlController.deleteCollections(com.alibaba.fastjson.JSONObject)
2018-09-08 09:38:36,872 [main] INFO  org.springframework.web.servlet.mvc.method.annotation.RequestMappingHandlerMapping - Mapped "{[/wx/getMyKl/{user_only_id}],methods=[GET]}" onto public com.alibaba.fastjson.JSONObject com.gs.qiuzhi.controller.KlController.getMyKl(java.lang.String)
2018-09-08 09:38:36,872 [main] INFO  org.springframework.web.servlet.mvc.method.annotation.RequestMappingHandlerMapping - Mapped "{[/wx/updateIsShare],methods=[GET]}" onto public com.alibaba.fastjson.JSONObject com.gs.qiuzhi.controller.KlController.updateIsShare(int)
2018-09-08 09:38:36,872 [main] INFO  org.springframework.web.servlet.mvc.method.annotation.RequestMappingHandlerMapping - Mapped "{[/wx/deleteKl],methods=[GET]}" onto public com.alibaba.fastjson.JSONObject com.gs.qiuzhi.controller.KlController.wxDeleteKl(int)
2018-09-08 09:38:36,872 [main] INFO  org.springframework.web.servlet.mvc.method.annotation.RequestMappingHandlerMapping - Mapped "{[/wx/addKl],methods=[GET]}" onto public com.alibaba.fastjson.JSONObject com.gs.qiuzhi.controller.KlController.addKl(java.lang.String,java.lang.String,int,java.lang.String,java.lang.String,java.lang.String)
2018-09-08 09:38:36,873 [main] INFO  org.springframework.web.servlet.mvc.method.annotation.RequestMappingHandlerMapping - Mapped "{[/wx/addCollection],methods=[GET]}" onto public com.alibaba.fastjson.JSONObject com.gs.qiuzhi.controller.KlController.addCollection(java.lang.String,int)
2018-09-08 09:38:36,873 [main] INFO  org.springframework.web.servlet.mvc.method.annotation.RequestMappingHandlerMapping - Mapped "{[/wx/checkOriginalPass],methods=[GET]}" onto public com.alibaba.fastjson.JSONObject com.gs.qiuzhi.controller.KlController.checkOriginalPass(java.lang.String,java.lang.String)
2018-09-08 09:38:36,873 [main] INFO  org.springframework.web.servlet.mvc.method.annotation.RequestMappingHandlerMapping - Mapped "{[/wx/updatePass],methods=[GET]}" onto public com.alibaba.fastjson.JSONObject com.gs.qiuzhi.controller.KlController.updatePass(java.lang.String,java.lang.String)
2018-09-08 09:38:36,873 [main] INFO  org.springframework.web.servlet.mvc.method.annotation.RequestMappingHandlerMapping - Mapped "{[/wx/updateUserInfo],methods=[POST]}" onto public com.alibaba.fastjson.JSONObject com.gs.qiuzhi.controller.KlController.updateUserInfo(org.springframework.web.multipart.MultipartFile,javax.servlet.http.HttpSession,javax.servlet.http.HttpServletRequest,java.lang.String)
2018-09-08 09:38:36,874 [main] INFO  org.springframework.web.servlet.mvc.method.annotation.RequestMappingHandlerMapping - Mapped "{[/wx/updateNickName],methods=[GET]}" onto public com.alibaba.fastjson.JSONObject com.gs.qiuzhi.controller.KlController.updateNickName(java.lang.String,java.lang.String)
2018-09-08 09:38:36,874 [main] INFO  org.springframework.web.servlet.mvc.method.annotation.RequestMappingHandlerMapping - Mapped "{[/wx/getHomeAd],methods=[GET]}" onto public com.alibaba.fastjson.JSONObject com.gs.qiuzhi.controller.KlController.getHomeAd(javax.servlet.http.HttpServletRequest)
2018-09-08 09:38:36,876 [main] INFO  org.springframework.web.servlet.mvc.method.annotation.RequestMappingHandlerMapping - Mapped "{[/loginView.do]}" onto public java.lang.String com.gs.qiuzhi.controller.UserController.loginView()
2018-09-08 09:38:36,876 [main] INFO  org.springframework.web.servlet.mvc.method.annotation.RequestMappingHandlerMapping - Mapped "{[/checkOriginalPass.do]}" onto public java.lang.String com.gs.qiuzhi.controller.UserController.checkOriginalPass(java.lang.String,javax.servlet.http.HttpSession)
2018-09-08 09:38:36,876 [main] INFO  org.springframework.web.servlet.mvc.method.annotation.RequestMappingHandlerMapping - Mapped "{[/updatePass.do]}" onto public java.lang.String com.gs.qiuzhi.controller.UserController.updatePass()
2018-09-08 09:38:36,877 [main] INFO  org.springframework.web.servlet.mvc.method.annotation.RequestMappingHandlerMapping - Mapped "{[/userRegister.do]}" onto public java.lang.String com.gs.qiuzhi.controller.UserController.userRegister(java.lang.String,java.lang.String,java.lang.String,java.lang.String,javax.servlet.http.HttpSession,org.springframework.web.servlet.mvc.support.RedirectAttributes)
2018-09-08 09:38:36,877 [main] INFO  org.springframework.web.servlet.mvc.method.annotation.RequestMappingHandlerMapping - Mapped "{[/updateUserNickName.do]}" onto public java.lang.String com.gs.qiuzhi.controller.UserController.updateUserNickName(java.lang.String,javax.servlet.http.HttpSession)
2018-09-08 09:38:36,877 [main] INFO  org.springframework.web.servlet.mvc.method.annotation.RequestMappingHandlerMapping - Mapped "{[/defaultKaptcha]}" onto public void com.gs.qiuzhi.controller.UserController.defaultKaptcha(javax.servlet.http.HttpServletRequest,javax.servlet.http.HttpServletResponse) throws java.lang.Exception
2018-09-08 09:38:36,877 [main] INFO  org.springframework.web.servlet.mvc.method.annotation.RequestMappingHandlerMapping - Mapped "{[/testMybatis]}" onto public java.lang.String com.gs.qiuzhi.controller.UserController.listUser(org.springframework.ui.Model)
2018-09-08 09:38:36,877 [main] INFO  org.springframework.web.servlet.mvc.method.annotation.RequestMappingHandlerMapping - Mapped "{[/hello]}" onto public java.lang.String com.gs.qiuzhi.controller.UserController.hello()
2018-09-08 09:38:36,878 [main] INFO  org.springframework.web.servlet.mvc.method.annotation.RequestMappingHandlerMapping - Mapped "{[/testGit]}" onto public java.lang.String com.gs.qiuzhi.controller.UserController.git()
2018-09-08 09:38:36,878 [main] INFO  org.springframework.web.servlet.mvc.method.annotation.RequestMappingHandlerMapping - Mapped "{[/registerView.do]}" onto public java.lang.String com.gs.qiuzhi.controller.UserController.registerView()
2018-09-08 09:38:36,878 [main] INFO  org.springframework.web.servlet.mvc.method.annotation.RequestMappingHandlerMapping - Mapped "{[/personView.do]}" onto public java.lang.String com.gs.qiuzhi.controller.UserController.personView()
2018-09-08 09:38:36,878 [main] INFO  org.springframework.web.servlet.mvc.method.annotation.RequestMappingHandlerMapping - Mapped "{[/checkPass.do]}" onto public java.lang.String com.gs.qiuzhi.controller.UserController.checkPass()
2018-09-08 09:38:36,878 [main] INFO  org.springframework.web.servlet.mvc.method.annotation.RequestMappingHandlerMapping - Mapped "{[/plaseLogin.do]}" onto public java.lang.String com.gs.qiuzhi.controller.UserController.plaseLogin()
2018-09-08 09:38:36,879 [main] INFO  org.springframework.web.servlet.mvc.method.annotation.RequestMappingHandlerMapping - Mapped "{[/checkVerificationCode]}" onto public boolean com.gs.qiuzhi.controller.UserController.checkVerificationCode(java.lang.String,javax.servlet.http.HttpServletRequest)
2018-09-08 09:38:36,879 [main] INFO  org.springframework.web.servlet.mvc.method.annotation.RequestMappingHandlerMapping - Mapped "{[/userLogin.do]}" onto public java.lang.String com.gs.qiuzhi.controller.UserController.userLogin(java.lang.String,java.lang.String,javax.servlet.http.HttpSession,org.springframework.web.servlet.mvc.support.RedirectAttributes)
2018-09-08 09:38:36,879 [main] INFO  org.springframework.web.servlet.mvc.method.annotation.RequestMappingHandlerMapping - Mapped "{[/outUserLogin.do]}" onto public java.lang.String com.gs.qiuzhi.controller.UserController.outUserLogin(javax.servlet.http.HttpSession)
2018-09-08 09:38:36,879 [main] INFO  org.springframework.web.servlet.mvc.method.annotation.RequestMappingHandlerMapping - Mapped "{[/sendMsg.do]}" onto public com.alibaba.fastjson.JSONObject com.gs.qiuzhi.controller.UserController.sendMsg(com.alibaba.fastjson.JSONObject,javax.servlet.http.HttpSession) throws com.aliyuncs.exceptions.ClientException
2018-09-08 09:38:36,880 [main] INFO  org.springframework.web.servlet.mvc.method.annotation.RequestMappingHandlerMapping - Mapped "{[/userUploadedFace.do]}" onto public java.lang.String com.gs.qiuzhi.controller.UserController.userUploadedFace(org.springframework.web.multipart.MultipartFile,org.springframework.web.servlet.mvc.support.RedirectAttributes,javax.servlet.http.HttpSession,javax.servlet.http.HttpServletRequest)
2018-09-08 09:38:36,880 [main] INFO  org.springframework.web.servlet.mvc.method.annotation.RequestMappingHandlerMapping - Mapped "{[/updateNewPass.do]}" onto public java.lang.String com.gs.qiuzhi.controller.UserController.updatePassRequest(java.lang.String,javax.servlet.http.HttpSession)
2018-09-08 09:38:36,883 [main] INFO  org.springframework.web.servlet.mvc.method.annotation.RequestMappingHandlerMapping - Mapped "{[/error]}" onto public org.springframework.http.ResponseEntity<java.util.Map<java.lang.String, java.lang.Object>> org.springframework.boot.autoconfigure.web.servlet.error.BasicErrorController.error(javax.servlet.http.HttpServletRequest)
2018-09-08 09:38:36,883 [main] INFO  org.springframework.web.servlet.mvc.method.annotation.RequestMappingHandlerMapping - Mapped "{[/error],produces=[text/html]}" onto public org.springframework.web.servlet.ModelAndView org.springframework.boot.autoconfigure.web.servlet.error.BasicErrorController.errorHtml(javax.servlet.http.HttpServletRequest,javax.servlet.http.HttpServletResponse)
2018-09-08 09:38:36,918 [main] INFO  org.springframework.web.servlet.handler.SimpleUrlHandlerMapping - Mapped URL path [/webjars/**] onto handler of type [class org.springframework.web.servlet.resource.ResourceHttpRequestHandler]
2018-09-08 09:38:36,918 [main] INFO  org.springframework.web.servlet.handler.SimpleUrlHandlerMapping - Mapped URL path [/**] onto handler of type [class org.springframework.web.servlet.resource.ResourceHttpRequestHandler]
2018-09-08 09:38:37,239 [main] INFO  com.gs.qiuzhi.QiuzhiApplicationTests - Started QiuzhiApplicationTests in 2.68 seconds (JVM running for 3.358)
2018-09-08 09:38:37,335 [Thread-3] INFO  org.springframework.web.context.support.GenericWebApplicationContext - Closing org.springframework.web.context.support.GenericWebApplicationContext@483f6d77: startup date [Sat Sep 08 09:38:34 CST 2018]; root of context hierarchy
